1721908666.451938 client started (33192): version 3.4, socket /tmp/tmux-1000/default, protocol 8
1721908666.451995 on Linux 6.8.0-39-generic #39-Ubuntu SMP PREEMPT_DYNAMIC Fri Jul  5 21:49:14 UTC 2024
1721908666.452008 using libevent 2.1.12-stable poll
1721908666.452017 using ncurses 6.4 20240113
1721908666.452050 flags are 0x18010000
1721908666.452076 socket is /tmp/tmux-1000/default
1721908666.452103 trying connect
1721908666.452154 connect failed: No such file or directory
1721908666.452179 lock file is /tmp/tmux-1000/default.lock
1721908666.452228 flock succeeded
1721908666.452241 got lock (6)
1721908666.452257 trying connect
1721908666.452275 connect failed: No such file or directory
1721908666.452748 add peer 0x64f37dd06830: 7 ((nil))
1721908666.453348 sending message 100 to peer 0x64f37dd06830 (4 bytes)
1721908666.453361 sending message 111 to peer 0x64f37dd06830 (8 bytes)
1721908666.453367 sending message 101 to peer 0x64f37dd06830 (15 bytes)
1721908666.453371 sending message 109 to peer 0x64f37dd06830 (4 bytes)
1721908666.453376 sending message 102 to peer 0x64f37dd06830 (11 bytes)
1721908666.453381 sending message 108 to peer 0x64f37dd06830 (47 bytes)
1721908666.453386 sending message 112 to peer 0x64f37dd06830 (58 bytes)
1721908666.453390 sending message 112 to peer 0x64f37dd06830 (5 bytes)
1721908666.453394 sending message 112 to peer 0x64f37dd06830 (5 bytes)
1721908666.453398 sending message 112 to peer 0x64f37dd06830 (6 bytes)
1721908666.453402 sending message 112 to peer 0x64f37dd06830 (6 bytes)
1721908666.453406 sending message 112 to peer 0x64f37dd06830 (11 bytes)
1721908666.453413 sending message 112 to peer 0x64f37dd06830 (10 bytes)
1721908666.453417 sending message 112 to peer 0x64f37dd06830 (13 bytes)
1721908666.453421 sending message 112 to peer 0x64f37dd06830 (14 bytes)
1721908666.453425 sending message 112 to peer 0x64f37dd06830 (19 bytes)
1721908666.453429 sending message 112 to peer 0x64f37dd06830 (11 bytes)
1721908666.453433 sending message 112 to peer 0x64f37dd06830 (10 bytes)
1721908666.453437 sending message 112 to peer 0x64f37dd06830 (15 bytes)
1721908666.453442 sending message 112 to peer 0x64f37dd06830 (21 bytes)
1721908666.453446 sending message 112 to peer 0x64f37dd06830 (13 bytes)
1721908666.453450 sending message 112 to peer 0x64f37dd06830 (7 bytes)
1721908666.453454 sending message 112 to peer 0x64f37dd06830 (13 bytes)
1721908666.453459 sending message 112 to peer 0x64f37dd06830 (7 bytes)
1721908666.453463 sending message 112 to peer 0x64f37dd06830 (13 bytes)
1721908666.453467 sending message 112 to peer 0x64f37dd06830 (9 bytes)
1721908666.453471 sending message 112 to peer 0x64f37dd06830 (21 bytes)
1721908666.453475 sending message 112 to peer 0x64f37dd06830 (13 bytes)
1721908666.453480 sending message 112 to peer 0x64f37dd06830 (9 bytes)
1721908666.453485 sending message 112 to peer 0x64f37dd06830 (16 bytes)
1721908666.453490 sending message 112 to peer 0x64f37dd06830 (13 bytes)
1721908666.453495 sending message 112 to peer 0x64f37dd06830 (9 bytes)
1721908666.453499 sending message 112 to peer 0x64f37dd06830 (9 bytes)
1721908666.453504 sending message 112 to peer 0x64f37dd06830 (12 bytes)
1721908666.453509 sending message 112 to peer 0x64f37dd06830 (8 bytes)
1721908666.453513 sending message 112 to peer 0x64f37dd06830 (8 bytes)
1721908666.453517 sending message 112 to peer 0x64f37dd06830 (13 bytes)
1721908666.453521 sending message 112 to peer 0x64f37dd06830 (7 bytes)
1721908666.453526 sending message 112 to peer 0x64f37dd06830 (7 bytes)
1721908666.453532 sending message 112 to peer 0x64f37dd06830 (9 bytes)
1721908666.453538 sending message 112 to peer 0x64f37dd06830 (9 bytes)
1721908666.453542 sending message 112 to peer 0x64f37dd06830 (15 bytes)
1721908666.453547 sending message 112 to peer 0x64f37dd06830 (13 bytes)
1721908666.453551 sending message 112 to peer 0x64f37dd06830 (12 bytes)
1721908666.453555 sending message 112 to peer 0x64f37dd06830 (8 bytes)
1721908666.453560 sending message 112 to peer 0x64f37dd06830 (14 bytes)
1721908666.453564 sending message 112 to peer 0x64f37dd06830 (11 bytes)
1721908666.453576 sending message 112 to peer 0x64f37dd06830 (9 bytes)
1721908666.453581 sending message 112 to peer 0x64f37dd06830 (10 bytes)
1721908666.453586 sending message 112 to peer 0x64f37dd06830 (10 bytes)
1721908666.453591 sending message 112 to peer 0x64f37dd06830 (10 bytes)
1721908666.453596 sending message 112 to peer 0x64f37dd06830 (10 bytes)
1721908666.453600 sending message 112 to peer 0x64f37dd06830 (11 bytes)
1721908666.453604 sending message 112 to peer 0x64f37dd06830 (12 bytes)
1721908666.453608 sending message 112 to peer 0x64f37dd06830 (12 bytes)
1721908666.453613 sending message 112 to peer 0x64f37dd06830 (12 bytes)
1721908666.453617 sending message 112 to peer 0x64f37dd06830 (12 bytes)
1721908666.453621 sending message 112 to peer 0x64f37dd06830 (12 bytes)
1721908666.453625 sending message 112 to peer 0x64f37dd06830 (11 bytes)
1721908666.453629 sending message 112 to peer 0x64f37dd06830 (11 bytes)
1721908666.453634 sending message 112 to peer 0x64f37dd06830 (12 bytes)
1721908666.453638 sending message 112 to peer 0x64f37dd06830 (12 bytes)
1721908666.453643 sending message 112 to peer 0x64f37dd06830 (12 bytes)
1721908666.453647 sending message 112 to peer 0x64f37dd06830 (12 bytes)
1721908666.453652 sending message 112 to peer 0x64f37dd06830 (12 bytes)
1721908666.453657 sending message 112 to peer 0x64f37dd06830 (9 bytes)
1721908666.453662 sending message 112 to peer 0x64f37dd06830 (12 bytes)
1721908666.453667 sending message 112 to peer 0x64f37dd06830 (13 bytes)
1721908666.453671 sending message 112 to peer 0x64f37dd06830 (13 bytes)
1721908666.453676 sending message 112 to peer 0x64f37dd06830 (13 bytes)
1721908666.453680 sending message 112 to peer 0x64f37dd06830 (13 bytes)
1721908666.453684 sending message 112 to peer 0x64f37dd06830 (13 bytes)
1721908666.453689 sending message 112 to peer 0x64f37dd06830 (8 bytes)
1721908666.453693 sending message 112 to peer 0x64f37dd06830 (11 bytes)
1721908666.453698 sending message 112 to peer 0x64f37dd06830 (11 bytes)
1721908666.453702 sending message 112 to peer 0x64f37dd06830 (11 bytes)
1721908666.453706 sending message 112 to peer 0x64f37dd06830 (12 bytes)
1721908666.453711 sending message 112 to peer 0x64f37dd06830 (12 bytes)
1721908666.453716 sending message 112 to peer 0x64f37dd06830 (12 bytes)
1721908666.453722 sending message 112 to peer 0x64f37dd06830 (12 bytes)
1721908666.453727 sending message 112 to peer 0x64f37dd06830 (13 bytes)
1721908666.453732 sending message 112 to peer 0x64f37dd06830 (13 bytes)
1721908666.453736 sending message 112 to peer 0x64f37dd06830 (13 bytes)
1721908666.453740 sending message 112 to peer 0x64f37dd06830 (8 bytes)
1721908666.453745 sending message 112 to peer 0x64f37dd06830 (13 bytes)
1721908666.453749 sending message 112 to peer 0x64f37dd06830 (13 bytes)
1721908666.453754 sending message 112 to peer 0x64f37dd06830 (13 bytes)
1721908666.453759 sending message 112 to peer 0x64f37dd06830 (13 bytes)
1721908666.453764 sending message 112 to peer 0x64f37dd06830 (13 bytes)
1721908666.453768 sending message 112 to peer 0x64f37dd06830 (12 bytes)
1721908666.453773 sending message 112 to peer 0x64f37dd06830 (12 bytes)
1721908666.453777 sending message 112 to peer 0x64f37dd06830 (12 bytes)
1721908666.453782 sending message 112 to peer 0x64f37dd06830 (12 bytes)
1721908666.453786 sending message 112 to peer 0x64f37dd06830 (13 bytes)
1721908666.453790 sending message 112 to peer 0x64f37dd06830 (8 bytes)
1721908666.453794 sending message 112 to peer 0x64f37dd06830 (13 bytes)
1721908666.453798 sending message 112 to peer 0x64f37dd06830 (13 bytes)
1721908666.453803 sending message 112 to peer 0x64f37dd06830 (13 bytes)
1721908666.453808 sending message 112 to peer 0x64f37dd06830 (13 bytes)
1721908666.453813 sending message 112 to peer 0x64f37dd06830 (13 bytes)
1721908666.453817 sending message 112 to peer 0x64f37dd06830 (13 bytes)
1721908666.453822 sending message 112 to peer 0x64f37dd06830 (13 bytes)
1721908666.453826 sending message 112 to peer 0x64f37dd06830 (12 bytes)
1721908666.453830 sending message 112 to peer 0x64f37dd06830 (12 bytes)
1721908666.453841 sending message 112 to peer 0x64f37dd06830 (12 bytes)
1721908666.453846 sending message 112 to peer 0x64f37dd06830 (8 bytes)
1721908666.453851 sending message 112 to peer 0x64f37dd06830 (12 bytes)
1721908666.453855 sending message 112 to peer 0x64f37dd06830 (13 bytes)
1721908666.453860 sending message 112 to peer 0x64f37dd06830 (13 bytes)
1721908666.453870 sending message 112 to peer 0x64f37dd06830 (13 bytes)
1721908666.453875 sending message 112 to peer 0x64f37dd06830 (13 bytes)
1721908666.453880 sending message 112 to peer 0x64f37dd06830 (13 bytes)
1721908666.453889 sending message 112 to peer 0x64f37dd06830 (13 bytes)
1721908666.453894 sending message 112 to peer 0x64f37dd06830 (13 bytes)
1721908666.453899 sending message 112 to peer 0x64f37dd06830 (13 bytes)
1721908666.453904 sending message 112 to peer 0x64f37dd06830 (12 bytes)
1721908666.453909 sending message 112 to peer 0x64f37dd06830 (10 bytes)
1721908666.453914 sending message 112 to peer 0x64f37dd06830 (12 bytes)
1721908666.453919 sending message 112 to peer 0x64f37dd06830 (12 bytes)
1721908666.453924 sending message 112 to peer 0x64f37dd06830 (12 bytes)
1721908666.453928 sending message 112 to peer 0x64f37dd06830 (13 bytes)
1721908666.453932 sending message 112 to peer 0x64f37dd06830 (13 bytes)
1721908666.453937 sending message 112 to peer 0x64f37dd06830 (13 bytes)
1721908666.453941 sending message 112 to peer 0x64f37dd06830 (13 bytes)
1721908666.453947 sending message 112 to peer 0x64f37dd06830 (13 bytes)
1721908666.453951 sending message 112 to peer 0x64f37dd06830 (13 bytes)
1721908666.453960 sending message 112 to peer 0x64f37dd06830 (13 bytes)
1721908666.453965 sending message 112 to peer 0x64f37dd06830 (10 bytes)
1721908666.453970 sending message 112 to peer 0x64f37dd06830 (13 bytes)
1721908666.453974 sending message 112 to peer 0x64f37dd06830 (12 bytes)
1721908666.453979 sending message 112 to peer 0x64f37dd06830 (12 bytes)
1721908666.453984 sending message 112 to peer 0x64f37dd06830 (12 bytes)
1721908666.453988 sending message 112 to peer 0x64f37dd06830 (10 bytes)
1721908666.453993 sending message 112 to peer 0x64f37dd06830 (10 bytes)
1721908666.453997 sending message 112 to peer 0x64f37dd06830 (10 bytes)
1721908666.454002 sending message 112 to peer 0x64f37dd06830 (12 bytes)
1721908666.454007 sending message 112 to peer 0x64f37dd06830 (13 bytes)
1721908666.454011 sending message 112 to peer 0x64f37dd06830 (13 bytes)
1721908666.454015 sending message 112 to peer 0x64f37dd06830 (13 bytes)
1721908666.454019 sending message 112 to peer 0x64f37dd06830 (13 bytes)
1721908666.454024 sending message 112 to peer 0x64f37dd06830 (13 bytes)
1721908666.454028 sending message 112 to peer 0x64f37dd06830 (10 bytes)
1721908666.454033 sending message 112 to peer 0x64f37dd06830 (11 bytes)
1721908666.454038 sending message 112 to peer 0x64f37dd06830 (12 bytes)
1721908666.454043 sending message 112 to peer 0x64f37dd06830 (12 bytes)
1721908666.454047 sending message 112 to peer 0x64f37dd06830 (12 bytes)
1721908666.454052 sending message 112 to peer 0x64f37dd06830 (12 bytes)
1721908666.454057 sending message 112 to peer 0x64f37dd06830 (12 bytes)
1721908666.454062 sending message 112 to peer 0x64f37dd06830 (11 bytes)
1721908666.454066 sending message 112 to peer 0x64f37dd06830 (12 bytes)
1721908666.454071 sending message 112 to peer 0x64f37dd06830 (12 bytes)
1721908666.454076 sending message 112 to peer 0x64f37dd06830 (13 bytes)
1721908666.454081 sending message 112 to peer 0x64f37dd06830 (13 bytes)
1721908666.454086 sending message 112 to peer 0x64f37dd06830 (13 bytes)
1721908666.454091 sending message 112 to peer 0x64f37dd06830 (13 bytes)
1721908666.454096 sending message 112 to peer 0x64f37dd06830 (13 bytes)
1721908666.454101 sending message 112 to peer 0x64f37dd06830 (10 bytes)
1721908666.454106 sending message 112 to peer 0x64f37dd06830 (9 bytes)
1721908666.454110 sending message 112 to peer 0x64f37dd06830 (12 bytes)
1721908666.454115 sending message 112 to peer 0x64f37dd06830 (13 bytes)
1721908666.454119 sending message 112 to peer 0x64f37dd06830 (13 bytes)
1721908666.454127 sending message 112 to peer 0x64f37dd06830 (13 bytes)
1721908666.454132 sending message 112 to peer 0x64f37dd06830 (13 bytes)
1721908666.454136 sending message 112 to peer 0x64f37dd06830 (13 bytes)
1721908666.454141 sending message 112 to peer 0x64f37dd06830 (9 bytes)
1721908666.454147 sending message 112 to peer 0x64f37dd06830 (12 bytes)
1721908666.454152 sending message 112 to peer 0x64f37dd06830 (13 bytes)
1721908666.454157 sending message 112 to peer 0x64f37dd06830 (13 bytes)
1721908666.454161 sending message 112 to peer 0x64f37dd06830 (13 bytes)
1721908666.454166 sending message 112 to peer 0x64f37dd06830 (13 bytes)
1721908666.454170 sending message 112 to peer 0x64f37dd06830 (13 bytes)
1721908666.454176 sending message 112 to peer 0x64f37dd06830 (11 bytes)
1721908666.454181 sending message 112 to peer 0x64f37dd06830 (12 bytes)
1721908666.454185 sending message 112 to peer 0x64f37dd06830 (13 bytes)
1721908666.454189 sending message 112 to peer 0x64f37dd06830 (13 bytes)
1721908666.454193 sending message 112 to peer 0x64f37dd06830 (13 bytes)
1721908666.454198 sending message 112 to peer 0x64f37dd06830 (13 bytes)
1721908666.454202 sending message 112 to peer 0x64f37dd06830 (13 bytes)
1721908666.454206 sending message 112 to peer 0x64f37dd06830 (11 bytes)
1721908666.454210 sending message 112 to peer 0x64f37dd06830 (12 bytes)
1721908666.454215 sending message 112 to peer 0x64f37dd06830 (12 bytes)
1721908666.454221 sending message 112 to peer 0x64f37dd06830 (12 bytes)
1721908666.454226 sending message 112 to peer 0x64f37dd06830 (12 bytes)
1721908666.454231 sending message 112 to peer 0x64f37dd06830 (12 bytes)
1721908666.454236 sending message 112 to peer 0x64f37dd06830 (21 bytes)
1721908666.454241 sending message 112 to peer 0x64f37dd06830 (12 bytes)
1721908666.454246 sending message 112 to peer 0x64f37dd06830 (9 bytes)
1721908666.454250 sending message 112 to peer 0x64f37dd06830 (6 bytes)
1721908666.454255 sending message 112 to peer 0x64f37dd06830 (13 bytes)
1721908666.454261 sending message 112 to peer 0x64f37dd06830 (10 bytes)
1721908666.454265 sending message 112 to peer 0x64f37dd06830 (24 bytes)
1721908666.454269 sending message 112 to peer 0x64f37dd06830 (13 bytes)
1721908666.454273 sending message 112 to peer 0x64f37dd06830 (9 bytes)
1721908666.454277 sending message 112 to peer 0x64f37dd06830 (70 bytes)
1721908666.454282 sending message 112 to peer 0x64f37dd06830 (69 bytes)
1721908666.454286 sending message 112 to peer 0x64f37dd06830 (12 bytes)
1721908666.454290 sending message 112 to peer 0x64f37dd06830 (10 bytes)
1721908666.454295 sending message 112 to peer 0x64f37dd06830 (10 bytes)
1721908666.454300 sending message 112 to peer 0x64f37dd06830 (24 bytes)
1721908666.454305 sending message 112 to peer 0x64f37dd06830 (13 bytes)
1721908666.454310 sending message 112 to peer 0x64f37dd06830 (10 bytes)
1721908666.454317 sending message 112 to peer 0x64f37dd06830 (10 bytes)
1721908666.454323 sending message 112 to peer 0x64f37dd06830 (10 bytes)
1721908666.454328 sending message 112 to peer 0x64f37dd06830 (13 bytes)
1721908666.454333 sending message 112 to peer 0x64f37dd06830 (15 bytes)
1721908666.454338 sending message 112 to peer 0x64f37dd06830 (5 bytes)
1721908666.454344 sending message 104 to peer 0x64f37dd06830 (0 bytes)
1721908666.454348 sending message 110 to peer 0x64f37dd06830 (0 bytes)
1721908666.454353 sending message 107 to peer 0x64f37dd06830 (4 bytes)
1721908666.454358 sending message 105 to peer 0x64f37dd06830 (16 bytes)
1721908666.454363 sending message 105 to peer 0x64f37dd06830 (94 bytes)
1721908666.454369 sending message 105 to peer 0x64f37dd06830 (19 bytes)
1721908666.454373 sending message 105 to peer 0x64f37dd06830 (20 bytes)
1721908666.454378 sending message 105 to peer 0x64f37dd06830 (45 bytes)
1721908666.454383 sending message 105 to peer 0x64f37dd06830 (63 bytes)
1721908666.454387 sending message 105 to peer 0x64f37dd06830 (23 bytes)
1721908666.454392 sending message 105 to peer 0x64f37dd06830 (44 bytes)
1721908666.454397 sending message 105 to peer 0x64f37dd06830 (32 bytes)
1721908666.454405 sending message 105 to peer 0x64f37dd06830 (41 bytes)
1721908666.454410 sending message 105 to peer 0x64f37dd06830 (51 bytes)
1721908666.454415 sending message 105 to peer 0x64f37dd06830 (20 bytes)
1721908666.454420 sending message 105 to peer 0x64f37dd06830 (23 bytes)
1721908666.454424 sending message 105 to peer 0x64f37dd06830 (28 bytes)
1721908666.454429 sending message 105 to peer 0x64f37dd06830 (51 bytes)
1721908666.454433 sending message 105 to peer 0x64f37dd06830 (17 bytes)
1721908666.454439 sending message 105 to peer 0x64f37dd06830 (27 bytes)
1721908666.454444 sending message 105 to peer 0x64f37dd06830 (25 bytes)
1721908666.454448 sending message 105 to peer 0x64f37dd06830 (22 bytes)
1721908666.454453 sending message 105 to peer 0x64f37dd06830 (54 bytes)
1721908666.454458 sending message 105 to peer 0x64f37dd06830 (20 bytes)
1721908666.454463 sending message 105 to peer 0x64f37dd06830 (18 bytes)
1721908666.454468 sending message 105 to peer 0x64f37dd06830 (18 bytes)
1721908666.454472 sending message 105 to peer 0x64f37dd06830 (17 bytes)
1721908666.454477 sending message 105 to peer 0x64f37dd06830 (1817 bytes)
1721908666.454492 sending message 105 to peer 0x64f37dd06830 (33 bytes)
1721908666.454499 sending message 105 to peer 0x64f37dd06830 (144 bytes)
1721908666.454504 sending message 105 to peer 0x64f37dd06830 (17 bytes)
1721908666.454508 sending message 105 to peer 0x64f37dd06830 (26 bytes)
1721908666.454513 sending message 105 to peer 0x64f37dd06830 (86 bytes)
1721908666.454517 sending message 105 to peer 0x64f37dd06830 (28 bytes)
1721908666.454522 sending message 105 to peer 0x64f37dd06830 (23 bytes)
1721908666.454526 sending message 105 to peer 0x64f37dd06830 (34 bytes)
1721908666.454531 sending message 105 to peer 0x64f37dd06830 (23 bytes)
1721908666.454535 sending message 105 to peer 0x64f37dd06830 (20 bytes)
1721908666.454540 sending message 105 to peer 0x64f37dd06830 (32 bytes)
1721908666.454545 sending message 105 to peer 0x64f37dd06830 (14 bytes)
1721908666.454550 sending message 105 to peer 0x64f37dd06830 (30 bytes)
1721908666.454555 sending message 105 to peer 0x64f37dd06830 (11 bytes)
1721908666.454559 sending message 105 to peer 0x64f37dd06830 (8 bytes)
1721908666.454564 sending message 105 to peer 0x64f37dd06830 (14 bytes)
1721908666.454568 sending message 105 to peer 0x64f37dd06830 (35 bytes)
1721908666.454572 sending message 105 to peer 0x64f37dd06830 (18 bytes)
1721908666.454579 sending message 105 to peer 0x64f37dd06830 (31 bytes)
1721908666.454584 sending message 105 to peer 0x64f37dd06830 (47 bytes)
1721908666.454589 sending message 105 to peer 0x64f37dd06830 (102 bytes)
1721908666.454593 sending message 105 to peer 0x64f37dd06830 (235 bytes)
1721908666.454598 sending message 105 to peer 0x64f37dd06830 (18 bytes)
1721908666.454603 sending message 105 to peer 0x64f37dd06830 (54 bytes)
1721908666.454608 sending message 105 to peer 0x64f37dd06830 (54 bytes)
1721908666.454612 sending message 105 to peer 0x64f37dd06830 (16 bytes)
1721908666.454616 sending message 106 to peer 0x64f37dd06830 (0 bytes)
1721908666.454666 sending message 200 to peer 0x64f37dd06830 (4 bytes)
1721908666.454672 client loop enter
1721908666.454687 client_signal: Child exited
1721908666.520830 peer 0x64f37dd06830 message 207
1721908666.520840 sending message 208 to peer 0x64f37dd06830 (0 bytes)
1721908671.341096 peer 0x64f37dd06830 message 203
1721908671.341171 sending message 205 to peer 0x64f37dd06830 (0 bytes)
1721908671.341697 peer 0x64f37dd06830 message 204
1721908671.341715 client loop exit
